d:\repos\cs201_medialibrary_project\cs201_medialibrary_project\x64\debug\vc142.pdb
d:\repos\cs201_medialibrary_project\cs201_medialibrary_project\x64\debug\vc142.idb
d:\repos\cs201_medialibrary_project\cs201_medialibrary_project\x64\debug\transactionprocessing.obj
d:\repos\cs201_medialibrary_project\cs201_medialibrary_project\x64\debug\song.obj
d:\repos\cs201_medialibrary_project\cs201_medialibrary_project\x64\debug\movie.obj
d:\repos\cs201_medialibrary_project\cs201_medialibrary_project\x64\debug\mediafile.obj
d:\repos\cs201_medialibrary_project\cs201_medialibrary_project\x64\debug\main.obj
d:\repos\cs201_medialibrary_project\cs201_medialibrary_project\x64\debug\datareader.obj
d:\repos\cs201_medialibrary_project\cs201_medialibrary_project\x64\debug\book.obj
d:\repos\cs201_medialibrary_project\x64\debug\cs201_medialibrary_project.exe
d:\repos\cs201_medialibrary_project\x64\debug\cs201_medialibrary_project.ilk
d:\repos\cs201_medialibrary_project\x64\debug\cs201_medialibrary_project.pdb
d:\repos\cs201_medialibrary_project\cs201_medialibrary_project\x64\debug\cs201_medialibrary_project.ilk
d:\repos\cs201_medialibrary_project\cs201_medialibrary_project\x64\debug\cs201_me.05c285de.tlog\cl.command.1.tlog
d:\repos\cs201_medialibrary_project\cs201_medialibrary_project\x64\debug\cs201_me.05c285de.tlog\cl.read.1.tlog
d:\repos\cs201_medialibrary_project\cs201_medialibrary_project\x64\debug\cs201_me.05c285de.tlog\cl.write.1.tlog
d:\repos\cs201_medialibrary_project\cs201_medialibrary_project\x64\debug\cs201_me.05c285de.tlog\link.command.1.tlog
d:\repos\cs201_medialibrary_project\cs201_medialibrary_project\x64\debug\cs201_me.05c285de.tlog\link.delete.1.tlog
d:\repos\cs201_medialibrary_project\cs201_medialibrary_project\x64\debug\cs201_me.05c285de.tlog\link.read.1.tlog
d:\repos\cs201_medialibrary_project\cs201_medialibrary_project\x64\debug\cs201_me.05c285de.tlog\link.write.1.tlog
